2026-06-30 14:02:37 buyer=alice qty=5 new_stock=145 student=p20240045
2026-06-30 14:04:59 buyer=buyer1 qty=1 new_stock=149 student=p20240045
2026-06-30 14:04:59 buyer=buyer6 qty=1 new_stock=148 student=p20240045
2026-06-30 14:04:59 buyer=buyer5 qty=1 REJECTED insufficient_stock student=p20240045
2026-06-30 14:04:59 buyer=buyer12 qty=1 REJECTED insufficient_stock student=p20240045
2026-06-30 14:04:59 buyer=buyer4 qty=1 REJECTED insufficient_stock student=p20240045
2026-06-30 14:04:59 buyer=buyer10 qty=1 REJECTED insufficient_stock student=p20240045
2026-06-30 14:04:59 buyer=buyer2 qty=1 new_stock=147 student=p20240045
2026-06-30 14:04:59 buyer=buyer3 qty=1 new_stock=147 student=p20240045
2026-06-30 14:04:59 buyer=buyer9 qty=1 REJECTED insufficient_stock student=p20240045
2026-06-30 14:04:59 buyer=buyer8 qty=1 new_stock=146 student=p20240045
2026-06-30 14:04:59 buyer=buyer11 qty=1 new_stock=146 student=p20240045
2026-06-30 14:04:59 buyer=buyer7 qty=1 REJECTED insufficient_stock student=p20240045
2026-06-30 14:04:59 buyer=buyer15 qty=1 new_stock=145 student=p20240045
2026-06-30 14:04:59 buyer=buyer21 qty=1 new_stock=144 student=p20240045
2026-06-30 14:04:59 buyer=buyer18 qty=1 new_stock=145 student=p20240045
2026-06-30 14:04:59 buyer=buyer19 qty=1 new_stock=145 student=p20240045
2026-06-30 14:04:59 buyer=buyer17 qty=1 new_stock=143 student=p20240045
2026-06-30 14:04:59 buyer=buyer14 qty=1 new_stock=144 student=p20240045
2026-06-30 14:04:59 buyer=buyer24 qty=1 new_stock=144 student=p20240045
2026-06-30 14:04:59 buyer=buyer30 qty=1 REJECTED insufficient_stock student=p20240045
2026-06-30 14:04:59 buyer=buyer23 qty=1 new_stock=143 student=p20240045
2026-06-30 14:04:59 buyer=buyer16 qty=1 new_stock=144 student=p20240045
2026-06-30 14:04:59 buyer=buyer25 qty=1 REJECTED insufficient_stock student=p20240045
2026-06-30 14:04:59 buyer=buyer26 qty=1 new_stock=143 student=p20240045
2026-06-30 14:04:59 buyer=buyer13 qty=1 new_stock=144 student=p20240045
2026-06-30 14:04:59 buyer=buyer27 qty=1 new_stock=143 student=p20240045
2026-06-30 14:04:59 buyer=buyer20 qty=1 new_stock=143 student=p20240045
2026-06-30 14:04:59 buyer=buyer29 qty=1 new_stock=142 student=p20240045
2026-06-30 14:04:59 buyer=buyer31 qty=1 new_stock=144 student=p20240045
2026-06-30 14:04:59 buyer=buyer32 qty=1 new_stock=142 student=p20240045
2026-06-30 14:04:59 buyer=buyer28 qty=1 REJECTED insufficient_stock student=p20240045
2026-06-30 14:04:59 buyer=buyer36 qty=1 REJECTED insufficient_stock student=p20240045
2026-06-30 14:04:59 buyer=buyer39 qty=1 new_stock=142 student=p20240045
2026-06-30 14:04:59 buyer=buyer22 qty=1 REJECTED insufficient_stock student=p20240045
2026-06-30 14:04:59 buyer=buyer33 qty=1 new_stock=142 student=p20240045
2026-06-30 14:04:59 buyer=buyer43 qty=1 new_stock=141 student=p20240045
2026-06-30 14:04:59 buyer=buyer40 qty=1 new_stock=142 student=p20240045
2026-06-30 14:04:59 buyer=buyer35 qty=1 new_stock=141 student=p20240045
2026-06-30 14:04:59 buyer=buyer34 qty=1 new_stock=141 student=p20240045
2026-06-30 14:04:59 buyer=buyer41 qty=1 new_stock=142 student=p20240045
2026-06-30 14:04:59 buyer=buyer50 qty=1 new_stock=140 student=p20240045
2026-06-30 14:04:59 buyer=buyer38 qty=1 REJECTED insufficient_stock student=p20240045
2026-06-30 14:04:59 buyer=buyer42 qty=1 new_stock=141 student=p20240045
2026-06-30 14:04:59 buyer=buyer37 qty=1 new_stock=140 student=p20240045
2026-06-30 14:04:59 buyer=buyer45 qty=1 new_stock=140 student=p20240045
2026-06-30 14:04:59 buyer=buyer49 qty=1 new_stock=140 student=p20240045
2026-06-30 14:04:59 buyer=buyer44 qty=1 new_stock=140 student=p20240045
2026-06-30 14:04:59 buyer=buyer47 qty=1 new_stock=139 student=p20240045
2026-06-30 14:04:59 buyer=buyer46 qty=1 new_stock=139 student=p20240045
2026-06-30 14:04:59 buyer=buyer48 qty=1 REJECTED insufficient_stock student=p20240045
2026-06-30 14:04:59 buyer=buyer2 qty=1 new_stock=149 student=p20240045
2026-06-30 14:04:59 buyer=buyer5 qty=1 new_stock=148 student=p20240045
2026-06-30 14:04:59 buyer=buyer3 qty=1 new_stock=148 student=p20240045
2026-06-30 14:04:59 buyer=buyer6 qty=1 new_stock=147 student=p20240045
2026-06-30 14:04:59 buyer=buyer10 qty=1 REJECTED insufficient_stock student=p20240045
2026-06-30 14:04:59 buyer=buyer7 qty=1 new_stock=147 student=p20240045
2026-06-30 14:04:59 buyer=buyer12 qty=1 new_stock=146 student=p20240045
2026-06-30 14:04:59 buyer=buyer4 qty=1 REJECTED insufficient_stock student=p20240045
2026-06-30 14:04:59 buyer=buyer1 qty=1 new_stock=146 student=p20240045
2026-06-30 14:04:59 buyer=buyer9 qty=1 REJECTED insufficient_stock student=p20240045
2026-06-30 14:04:59 buyer=buyer11 qty=1 new_stock=146 student=p20240045
2026-06-30 14:04:59 buyer=buyer16 qty=1 REJECTED insufficient_stock student=p20240045
2026-06-30 14:04:59 buyer=buyer24 qty=1 REJECTED insufficient_stock student=p20240045
2026-06-30 14:04:59 buyer=buyer27 qty=1 new_stock=146 student=p20240045
2026-06-30 14:04:59 buyer=buyer13 qty=1 new_stock=145 student=p20240045
2026-06-30 14:04:59 buyer=buyer19 qty=1 REJECTED insufficient_stock student=p20240045
2026-06-30 14:04:59 buyer=buyer8 qty=1 new_stock=147 student=p20240045
2026-06-30 14:04:59 buyer=buyer21 qty=1 new_stock=145 student=p20240045
2026-06-30 14:04:59 buyer=buyer14 qty=1 new_stock=146 student=p20240045
2026-06-30 14:04:59 buyer=buyer42 qty=1 REJECTED insufficient_stock student=p20240045
2026-06-30 14:04:59 buyer=buyer28 qty=1 new_stock=146 student=p20240045
2026-06-30 14:04:59 buyer=buyer23 qty=1 REJECTED insufficient_stock student=p20240045
2026-06-30 14:04:59 buyer=buyer30 qty=1 new_stock=145 student=p20240045
2026-06-30 14:04:59 buyer=buyer26 qty=1 new_stock=146 student=p20240045
2026-06-30 14:04:59 buyer=buyer29 qty=1 new_stock=145 student=p20240045
2026-06-30 14:04:59 buyer=buyer33 qty=1 REJECTED insufficient_stock student=p20240045
2026-06-30 14:04:59 buyer=buyer35 qty=1 new_stock=145 student=p20240045
2026-06-30 14:04:59 buyer=buyer36 qty=1 REJECTED insufficient_stock student=p20240045
2026-06-30 14:04:59 buyer=buyer37 qty=1 new_stock=145 student=p20240045
2026-06-30 14:04:59 buyer=buyer17 qty=1 new_stock=146 student=p20240045
2026-06-30 14:04:59 buyer=buyer15 qty=1 new_stock=145 student=p20240045
2026-06-30 14:04:59 buyer=buyer18 qty=1 new_stock=146 student=p20240045
2026-06-30 14:04:59 buyer=buyer44 qty=1 new_stock=144 student=p20240045
2026-06-30 14:04:59 buyer=buyer38 qty=1 new_stock=144 student=p20240045
2026-06-30 14:04:59 buyer=buyer39 qty=1 REJECTED insufficient_stock student=p20240045
2026-06-30 14:04:59 buyer=buyer34 qty=1 new_stock=145 student=p20240045
2026-06-30 14:04:59 buyer=buyer31 qty=1 new_stock=146 student=p20240045
2026-06-30 14:04:59 buyer=buyer41 qty=1 new_stock=145 student=p20240045
2026-06-30 14:04:59 buyer=buyer22 qty=1 new_stock=145 student=p20240045
2026-06-30 14:04:59 buyer=buyer40 qty=1 REJECTED insufficient_stock student=p20240045
2026-06-30 14:04:59 buyer=buyer32 qty=1 new_stock=144 student=p20240045
2026-06-30 14:04:59 buyer=buyer20 qty=1 new_stock=145 student=p20240045
2026-06-30 14:04:59 buyer=buyer45 qty=1 new_stock=145 student=p20240045
2026-06-30 14:04:59 buyer=buyer47 qty=1 new_stock=144 student=p20240045
2026-06-30 14:04:59 buyer=buyer49 qty=1 new_stock=145 student=p20240045
2026-06-30 14:04:59 buyer=buyer46 qty=1 new_stock=145 student=p20240045
2026-06-30 14:04:59 buyer=buyer43 qty=1 new_stock=144 student=p20240045
2026-06-30 14:04:59 buyer=buyer25 qty=1 new_stock=145 student=p20240045
2026-06-30 14:04:59 buyer=buyer50 qty=1 new_stock=144 student=p20240045
2026-06-30 14:04:59 buyer=buyer48 qty=1 new_stock=143 student=p20240045
2026-06-30 14:04:59 buyer=buyer3 qty=1 new_stock=149 student=p20240045
2026-06-30 14:04:59 buyer=buyer5 qty=1 REJECTED insufficient_stock student=p20240045
2026-06-30 14:04:59 buyer=buyer4 qty=1 new_stock=149 student=p20240045
2026-06-30 14:04:59 buyer=buyer6 qty=1 new_stock=148 student=p20240045
2026-06-30 14:04:59 buyer=buyer2 qty=1 new_stock=147 student=p20240045
2026-06-30 14:04:59 buyer=buyer1 qty=1 REJECTED insufficient_stock student=p20240045
2026-06-30 14:04:59 buyer=buyer12 qty=1 REJECTED insufficient_stock student=p20240045
2026-06-30 14:04:59 buyer=buyer11 qty=1 new_stock=146 student=p20240045
2026-06-30 14:04:59 buyer=buyer24 qty=1 new_stock=144 student=p20240045
2026-06-30 14:04:59 buyer=buyer15 qty=1 new_stock=145 student=p20240045
2026-06-30 14:04:59 buyer=buyer28 qty=1 REJECTED insufficient_stock student=p20240045
2026-06-30 14:04:59 buyer=buyer7 qty=1 new_stock=146 student=p20240045
2026-06-30 14:04:59 buyer=buyer10 qty=1 new_stock=145 student=p20240045
2026-06-30 14:04:59 buyer=buyer8 qty=1 new_stock=144 student=p20240045
2026-06-30 14:04:59 buyer=buyer26 qty=1 new_stock=144 student=p20240045
2026-06-30 14:04:59 buyer=buyer17 qty=1 new_stock=145 student=p20240045
2026-06-30 14:04:59 buyer=buyer21 qty=1 REJECTED insufficient_stock student=p20240045
2026-06-30 14:04:59 buyer=buyer33 qty=1 REJECTED insufficient_stock student=p20240045
2026-06-30 14:04:59 buyer=buyer22 qty=1 new_stock=144 student=p20240045
2026-06-30 14:04:59 buyer=buyer9 qty=1 new_stock=147 student=p20240045
2026-06-30 14:04:59 buyer=buyer16 qty=1 REJECTED insufficient_stock student=p20240045
2026-06-30 14:04:59 buyer=buyer13 qty=1 new_stock=144 student=p20240045
2026-06-30 14:04:59 buyer=buyer14 qty=1 new_stock=143 student=p20240045
2026-06-30 14:04:59 buyer=buyer30 qty=1 new_stock=143 student=p20240045
2026-06-30 14:04:59 buyer=buyer31 qty=1 REJECTED insufficient_stock student=p20240045
2026-06-30 14:04:59 buyer=buyer20 qty=1 new_stock=143 student=p20240045
2026-06-30 14:04:59 buyer=buyer38 qty=1 new_stock=142 student=p20240045
2026-06-30 14:04:59 buyer=buyer35 qty=1 REJECTED insufficient_stock student=p20240045
2026-06-30 14:04:59 buyer=buyer43 qty=1 new_stock=142 student=p20240045
2026-06-30 14:04:59 buyer=buyer27 qty=1 REJECTED insufficient_stock student=p20240045
2026-06-30 14:04:59 buyer=buyer25 qty=1 new_stock=143 student=p20240045
2026-06-30 14:04:59 buyer=buyer37 qty=1 REJECTED insufficient_stock student=p20240045
2026-06-30 14:04:59 buyer=buyer32 qty=1 new_stock=142 student=p20240045
2026-06-30 14:04:59 buyer=buyer40 qty=1 REJECTED insufficient_stock student=p20240045
2026-06-30 14:04:59 buyer=buyer18 qty=1 new_stock=144 student=p20240045
2026-06-30 14:04:59 buyer=buyer23 qty=1 new_stock=142 student=p20240045
2026-06-30 14:04:59 buyer=buyer34 qty=1 new_stock=141 student=p20240045
2026-06-30 14:04:59 buyer=buyer42 qty=1 REJECTED insufficient_stock student=p20240045
2026-06-30 14:04:59 buyer=buyer39 qty=1 new_stock=141 student=p20240045
2026-06-30 14:04:59 buyer=buyer36 qty=1 new_stock=141 student=p20240045
2026-06-30 14:04:59 buyer=buyer49 qty=1 new_stock=140 student=p20240045
2026-06-30 14:04:59 buyer=buyer19 qty=1 new_stock=142 student=p20240045
2026-06-30 14:04:59 buyer=buyer41 qty=1 new_stock=140 student=p20240045
2026-06-30 14:04:59 buyer=buyer29 qty=1 new_stock=141 student=p20240045
2026-06-30 14:04:59 buyer=buyer46 qty=1 REJECTED insufficient_stock student=p20240045
2026-06-30 14:04:59 buyer=buyer47 qty=1 new_stock=139 student=p20240045
2026-06-30 14:04:59 buyer=buyer45 qty=1 REJECTED insufficient_stock student=p20240045
2026-06-30 14:04:59 buyer=buyer48 qty=1 new_stock=138 student=p20240045
2026-06-30 14:04:59 buyer=buyer44 qty=1 new_stock=138 student=p20240045
2026-06-30 14:04:59 buyer=buyer50 qty=1 new_stock=137 student=p20240045
2026-06-30 14:04:59 buyer=buyer2 qty=1 new_stock=149 student=p20240045
2026-06-30 14:04:59 buyer=buyer3 qty=1 new_stock=149 student=p20240045
2026-06-30 14:04:59 buyer=buyer4 qty=1 new_stock=148 student=p20240045
2026-06-30 14:04:59 buyer=buyer11 qty=1 REJECTED insufficient_stock student=p20240045
2026-06-30 14:04:59 buyer=buyer6 qty=1 new_stock=148 student=p20240045
2026-06-30 14:04:59 buyer=buyer13 qty=1 REJECTED insufficient_stock student=p20240045
2026-06-30 14:04:59 buyer=buyer1 qty=1 new_stock=148 student=p20240045
2026-06-30 14:04:59 buyer=buyer8 qty=1 REJECTED insufficient_stock student=p20240045
2026-06-30 14:04:59 buyer=buyer12 qty=1 new_stock=146 student=p20240045
2026-06-30 14:04:59 buyer=buyer5 qty=1 new_stock=148 student=p20240045
2026-06-30 14:04:59 buyer=buyer7 qty=1 REJECTED insufficient_stock student=p20240045
2026-06-30 14:04:59 buyer=buyer10 qty=1 new_stock=147 student=p20240045
2026-06-30 14:04:59 buyer=buyer9 qty=1 new_stock=145 student=p20240045
2026-06-30 14:04:59 buyer=buyer15 qty=1 new_stock=144 student=p20240045
2026-06-30 14:04:59 buyer=buyer19 qty=1 new_stock=143 student=p20240045
2026-06-30 14:04:59 buyer=buyer18 qty=1 new_stock=142 student=p20240045
2026-06-30 14:04:59 buyer=buyer16 qty=1 new_stock=141 student=p20240045
2026-06-30 14:04:59 buyer=buyer17 qty=1 new_stock=141 student=p20240045
2026-06-30 14:04:59 buyer=buyer20 qty=1 new_stock=140 student=p20240045
2026-06-30 14:04:59 buyer=buyer21 qty=1 new_stock=139 student=p20240045
2026-06-30 14:04:59 buyer=buyer14 qty=1 new_stock=142 student=p20240045
2026-06-30 14:04:59 buyer=buyer22 qty=1 new_stock=140 student=p20240045
2026-06-30 14:04:59 buyer=buyer29 qty=1 new_stock=139 student=p20240045
2026-06-30 14:04:59 buyer=buyer25 qty=1 new_stock=140 student=p20240045
2026-06-30 14:04:59 buyer=buyer23 qty=1 new_stock=140 student=p20240045
2026-06-30 14:04:59 buyer=buyer31 qty=1 new_stock=140 student=p20240045
2026-06-30 14:04:59 buyer=buyer27 qty=1 new_stock=139 student=p20240045
2026-06-30 14:04:59 buyer=buyer24 qty=1 new_stock=139 student=p20240045
2026-06-30 14:04:59 buyer=buyer30 qty=1 new_stock=139 student=p20240045
2026-06-30 14:04:59 buyer=buyer32 qty=1 new_stock=139 student=p20240045
2026-06-30 14:04:59 buyer=buyer28 qty=1 new_stock=139 student=p20240045
2026-06-30 14:04:59 buyer=buyer34 qty=1 new_stock=138 student=p20240045
2026-06-30 14:04:59 buyer=buyer42 qty=1 new_stock=138 student=p20240045
2026-06-30 14:04:59 buyer=buyer37 qty=1 new_stock=138 student=p20240045
2026-06-30 14:04:59 buyer=buyer39 qty=1 new_stock=138 student=p20240045
2026-06-30 14:04:59 buyer=buyer41 qty=1 new_stock=136 student=p20240045
2026-06-30 14:04:59 buyer=buyer44 qty=1 new_stock=139 student=p20240045
2026-06-30 14:04:59 buyer=buyer35 qty=1 new_stock=139 student=p20240045
2026-06-30 14:04:59 buyer=buyer50 qty=1 new_stock=137 student=p20240045
2026-06-30 14:04:59 buyer=buyer45 qty=1 new_stock=136 student=p20240045
2026-06-30 14:04:59 buyer=buyer26 qty=1 new_stock=139 student=p20240045
2026-06-30 14:04:59 buyer=buyer38 qty=1 new_stock=139 student=p20240045
2026-06-30 14:04:59 buyer=buyer48 qty=1 new_stock=137 student=p20240045
2026-06-30 14:04:59 buyer=buyer40 qty=1 new_stock=137 student=p20240045
2026-06-30 14:04:59 buyer=buyer49 qty=1 new_stock=137 student=p20240045
2026-06-30 14:04:59 buyer=buyer36 qty=1 new_stock=137 student=p20240045
2026-06-30 14:04:59 buyer=buyer46 qty=1 new_stock=138 student=p20240045
2026-06-30 14:04:59 buyer=buyer33 qty=1 new_stock=138 student=p20240045
2026-06-30 14:04:59 buyer=buyer43 qty=1 new_stock=136 student=p20240045
2026-06-30 14:04:59 buyer=buyer47 qty=1 new_stock=135 student=p20240045
2026-06-30 14:07:43 buyer=buyer1 qty=1 new_stock=149 student=p20240045
2026-06-30 14:07:43 buyer=buyer12 qty=1 new_stock=148 student=p20240045
2026-06-30 14:07:43 buyer=buyer2 qty=1 new_stock=147 student=p20240045
2026-06-30 14:07:43 buyer=buyer3 qty=1 new_stock=146 student=p20240045
2026-06-30 14:07:43 buyer=buyer7 qty=1 new_stock=145 student=p20240045
2026-06-30 14:07:43 buyer=buyer4 qty=1 new_stock=144 student=p20240045
2026-06-30 14:07:43 buyer=buyer11 qty=1 new_stock=143 student=p20240045
2026-06-30 14:07:43 buyer=buyer6 qty=1 new_stock=142 student=p20240045
2026-06-30 14:07:43 buyer=buyer10 qty=1 new_stock=141 student=p20240045
2026-06-30 14:07:43 buyer=buyer5 qty=1 new_stock=140 student=p20240045
2026-06-30 14:07:43 buyer=buyer8 qty=1 new_stock=139 student=p20240045
2026-06-30 14:07:43 buyer=buyer9 qty=1 new_stock=138 student=p20240045
2026-06-30 14:07:43 buyer=buyer17 qty=1 new_stock=137 student=p20240045
2026-06-30 14:07:43 buyer=buyer16 qty=1 new_stock=136 student=p20240045
2026-06-30 14:07:43 buyer=buyer19 qty=1 new_stock=135 student=p20240045
2026-06-30 14:07:43 buyer=buyer18 qty=1 new_stock=134 student=p20240045
2026-06-30 14:07:43 buyer=buyer21 qty=1 new_stock=133 student=p20240045
2026-06-30 14:07:43 buyer=buyer15 qty=1 new_stock=132 student=p20240045
2026-06-30 14:07:43 buyer=buyer22 qty=1 new_stock=131 student=p20240045
2026-06-30 14:07:43 buyer=buyer13 qty=1 new_stock=130 student=p20240045
2026-06-30 14:07:43 buyer=buyer27 qty=1 new_stock=129 student=p20240045
2026-06-30 14:07:43 buyer=buyer25 qty=1 new_stock=128 student=p20240045
2026-06-30 14:07:43 buyer=buyer31 qty=1 new_stock=127 student=p20240045
2026-06-30 14:07:43 buyer=buyer34 qty=1 new_stock=126 student=p20240045
2026-06-30 14:07:43 buyer=buyer28 qty=1 new_stock=125 student=p20240045
2026-06-30 14:07:43 buyer=buyer30 qty=1 new_stock=124 student=p20240045
2026-06-30 14:07:43 buyer=buyer39 qty=1 new_stock=123 student=p20240045
2026-06-30 14:07:43 buyer=buyer36 qty=1 new_stock=122 student=p20240045
2026-06-30 14:07:43 buyer=buyer40 qty=1 new_stock=121 student=p20240045
2026-06-30 14:07:43 buyer=buyer48 qty=1 new_stock=120 student=p20240045
2026-06-30 14:07:43 buyer=buyer33 qty=1 new_stock=119 student=p20240045
2026-06-30 14:07:43 buyer=buyer20 qty=1 new_stock=118 student=p20240045
2026-06-30 14:07:43 buyer=buyer35 qty=1 new_stock=117 student=p20240045
2026-06-30 14:07:43 buyer=buyer24 qty=1 new_stock=116 student=p20240045
2026-06-30 14:07:43 buyer=buyer43 qty=1 new_stock=115 student=p20240045
2026-06-30 14:07:43 buyer=buyer29 qty=1 new_stock=114 student=p20240045
2026-06-30 14:07:43 buyer=buyer32 qty=1 new_stock=113 student=p20240045
2026-06-30 14:07:43 buyer=buyer41 qty=1 new_stock=112 student=p20240045
2026-06-30 14:07:43 buyer=buyer38 qty=1 new_stock=111 student=p20240045
2026-06-30 14:07:43 buyer=buyer23 qty=1 new_stock=110 student=p20240045
2026-06-30 14:07:43 buyer=buyer37 qty=1 new_stock=109 student=p20240045
2026-06-30 14:07:43 buyer=buyer42 qty=1 new_stock=108 student=p20240045
2026-06-30 14:07:43 buyer=buyer45 qty=1 new_stock=107 student=p20240045
2026-06-30 14:07:43 buyer=buyer47 qty=1 new_stock=106 student=p20240045
2026-06-30 14:07:43 buyer=buyer49 qty=1 new_stock=105 student=p20240045
2026-06-30 14:07:43 buyer=buyer44 qty=1 new_stock=104 student=p20240045
2026-06-30 14:07:43 buyer=buyer26 qty=1 new_stock=103 student=p20240045
2026-06-30 14:07:43 buyer=buyer14 qty=1 new_stock=102 student=p20240045
2026-06-30 14:07:43 buyer=buyer46 qty=1 new_stock=101 student=p20240045
2026-06-30 14:07:43 buyer=buyer50 qty=1 new_stock=100 student=p20240045
2026-06-30 14:07:43 buyer=buyer2 qty=1 new_stock=149 student=p20240045
2026-06-30 14:07:43 buyer=buyer19 qty=1 new_stock=148 student=p20240045
2026-06-30 14:07:43 buyer=buyer22 qty=1 new_stock=147 student=p20240045
2026-06-30 14:07:43 buyer=buyer8 qty=1 new_stock=146 student=p20240045
2026-06-30 14:07:43 buyer=buyer28 qty=1 new_stock=145 student=p20240045
2026-06-30 14:07:43 buyer=buyer17 qty=1 new_stock=144 student=p20240045
2026-06-30 14:07:43 buyer=buyer4 qty=1 new_stock=143 student=p20240045
2026-06-30 14:07:43 buyer=buyer3 qty=1 new_stock=142 student=p20240045
2026-06-30 14:07:43 buyer=buyer5 qty=1 new_stock=141 student=p20240045
2026-06-30 14:07:43 buyer=buyer36 qty=1 new_stock=140 student=p20240045
2026-06-30 14:07:43 buyer=buyer10 qty=1 new_stock=139 student=p20240045
2026-06-30 14:07:43 buyer=buyer18 qty=1 new_stock=138 student=p20240045
2026-06-30 14:07:43 buyer=buyer11 qty=1 new_stock=137 student=p20240045
2026-06-30 14:07:43 buyer=buyer13 qty=1 new_stock=136 student=p20240045
2026-06-30 14:07:43 buyer=buyer6 qty=1 new_stock=135 student=p20240045
2026-06-30 14:07:43 buyer=buyer34 qty=1 new_stock=134 student=p20240045
2026-06-30 14:07:43 buyer=buyer31 qty=1 new_stock=133 student=p20240045
2026-06-30 14:07:43 buyer=buyer35 qty=1 new_stock=132 student=p20240045
2026-06-30 14:07:43 buyer=buyer1 qty=1 new_stock=131 student=p20240045
2026-06-30 14:07:43 buyer=buyer7 qty=1 new_stock=130 student=p20240045
2026-06-30 14:07:43 buyer=buyer39 qty=1 new_stock=129 student=p20240045
2026-06-30 14:07:43 buyer=buyer33 qty=1 new_stock=128 student=p20240045
2026-06-30 14:07:43 buyer=buyer32 qty=1 new_stock=127 student=p20240045
2026-06-30 14:07:43 buyer=buyer41 qty=1 new_stock=126 student=p20240045
2026-06-30 14:07:43 buyer=buyer42 qty=1 new_stock=125 student=p20240045
2026-06-30 14:07:43 buyer=buyer38 qty=1 new_stock=124 student=p20240045
2026-06-30 14:07:43 buyer=buyer12 qty=1 new_stock=123 student=p20240045
2026-06-30 14:07:43 buyer=buyer40 qty=1 new_stock=122 student=p20240045
2026-06-30 14:07:43 buyer=buyer14 qty=1 new_stock=121 student=p20240045
2026-06-30 14:07:43 buyer=buyer44 qty=1 new_stock=120 student=p20240045
2026-06-30 14:07:43 buyer=buyer37 qty=1 new_stock=119 student=p20240045
2026-06-30 14:07:43 buyer=buyer43 qty=1 new_stock=118 student=p20240045
2026-06-30 14:07:43 buyer=buyer15 qty=1 new_stock=117 student=p20240045
2026-06-30 14:07:43 buyer=buyer16 qty=1 new_stock=116 student=p20240045
2026-06-30 14:07:43 buyer=buyer9 qty=1 new_stock=115 student=p20240045
2026-06-30 14:07:43 buyer=buyer21 qty=1 new_stock=114 student=p20240045
2026-06-30 14:07:43 buyer=buyer23 qty=1 new_stock=113 student=p20240045
2026-06-30 14:07:43 buyer=buyer26 qty=1 new_stock=112 student=p20240045
2026-06-30 14:07:43 buyer=buyer45 qty=1 new_stock=111 student=p20240045
2026-06-30 14:07:43 buyer=buyer30 qty=1 new_stock=110 student=p20240045
2026-06-30 14:07:43 buyer=buyer29 qty=1 new_stock=109 student=p20240045
2026-06-30 14:07:43 buyer=buyer27 qty=1 new_stock=108 student=p20240045
2026-06-30 14:07:43 buyer=buyer25 qty=1 new_stock=107 student=p20240045
2026-06-30 14:07:43 buyer=buyer24 qty=1 new_stock=106 student=p20240045
2026-06-30 14:07:43 buyer=buyer20 qty=1 new_stock=105 student=p20240045
2026-06-30 14:07:43 buyer=buyer48 qty=1 new_stock=104 student=p20240045
2026-06-30 14:07:43 buyer=buyer46 qty=1 new_stock=103 student=p20240045
2026-06-30 14:07:43 buyer=buyer50 qty=1 new_stock=102 student=p20240045
2026-06-30 14:07:43 buyer=buyer49 qty=1 new_stock=101 student=p20240045
2026-06-30 14:07:43 buyer=buyer47 qty=1 new_stock=100 student=p20240045
2026-06-30 14:07:43 buyer=buyer5 qty=1 new_stock=149 student=p20240045
2026-06-30 14:07:43 buyer=buyer14 qty=1 new_stock=148 student=p20240045
2026-06-30 14:07:43 buyer=buyer3 qty=1 new_stock=147 student=p20240045
2026-06-30 14:07:43 buyer=buyer22 qty=1 new_stock=146 student=p20240045
2026-06-30 14:07:43 buyer=buyer9 qty=1 new_stock=145 student=p20240045
2026-06-30 14:07:43 buyer=buyer8 qty=1 new_stock=144 student=p20240045
2026-06-30 14:07:43 buyer=buyer18 qty=1 new_stock=143 student=p20240045
2026-06-30 14:07:43 buyer=buyer27 qty=1 new_stock=142 student=p20240045
2026-06-30 14:07:43 buyer=buyer26 qty=1 new_stock=141 student=p20240045
2026-06-30 14:07:43 buyer=buyer28 qty=1 new_stock=140 student=p20240045
2026-06-30 14:07:43 buyer=buyer13 qty=1 new_stock=139 student=p20240045
2026-06-30 14:07:43 buyer=buyer21 qty=1 new_stock=138 student=p20240045
2026-06-30 14:07:43 buyer=buyer17 qty=1 new_stock=137 student=p20240045
2026-06-30 14:07:43 buyer=buyer25 qty=1 new_stock=136 student=p20240045
2026-06-30 14:07:43 buyer=buyer10 qty=1 new_stock=135 student=p20240045
2026-06-30 14:07:43 buyer=buyer16 qty=1 new_stock=134 student=p20240045
2026-06-30 14:07:43 buyer=buyer19 qty=1 new_stock=133 student=p20240045
2026-06-30 14:07:43 buyer=buyer24 qty=1 new_stock=132 student=p20240045
2026-06-30 14:07:43 buyer=buyer29 qty=1 new_stock=131 student=p20240045
2026-06-30 14:07:43 buyer=buyer23 qty=1 new_stock=130 student=p20240045
2026-06-30 14:07:43 buyer=buyer20 qty=1 new_stock=129 student=p20240045
2026-06-30 14:07:43 buyer=buyer12 qty=1 new_stock=128 student=p20240045
2026-06-30 14:07:43 buyer=buyer39 qty=1 new_stock=127 student=p20240045
2026-06-30 14:07:43 buyer=buyer42 qty=1 new_stock=126 student=p20240045
2026-06-30 14:07:43 buyer=buyer36 qty=1 new_stock=125 student=p20240045
2026-06-30 14:07:43 buyer=buyer43 qty=1 new_stock=124 student=p20240045
2026-06-30 14:07:43 buyer=buyer40 qty=1 new_stock=123 student=p20240045
2026-06-30 14:07:43 buyer=buyer6 qty=1 new_stock=122 student=p20240045
2026-06-30 14:07:43 buyer=buyer31 qty=1 new_stock=121 student=p20240045
2026-06-30 14:07:43 buyer=buyer15 qty=1 new_stock=120 student=p20240045
2026-06-30 14:07:43 buyer=buyer41 qty=1 new_stock=119 student=p20240045
2026-06-30 14:07:43 buyer=buyer30 qty=1 new_stock=118 student=p20240045
2026-06-30 14:07:43 buyer=buyer1 qty=1 new_stock=117 student=p20240045
2026-06-30 14:07:43 buyer=buyer4 qty=1 new_stock=116 student=p20240045
2026-06-30 14:07:43 buyer=buyer32 qty=1 new_stock=115 student=p20240045
2026-06-30 14:07:43 buyer=buyer47 qty=1 new_stock=114 student=p20240045
2026-06-30 14:07:43 buyer=buyer46 qty=1 new_stock=113 student=p20240045
2026-06-30 14:07:43 buyer=buyer38 qty=1 new_stock=112 student=p20240045
2026-06-30 14:07:43 buyer=buyer11 qty=1 new_stock=111 student=p20240045
2026-06-30 14:07:43 buyer=buyer7 qty=1 new_stock=110 student=p20240045
2026-06-30 14:07:43 buyer=buyer2 qty=1 new_stock=109 student=p20240045
2026-06-30 14:07:43 buyer=buyer34 qty=1 new_stock=108 student=p20240045
2026-06-30 14:07:43 buyer=buyer37 qty=1 new_stock=107 student=p20240045
2026-06-30 14:07:43 buyer=buyer33 qty=1 new_stock=106 student=p20240045
2026-06-30 14:07:43 buyer=buyer45 qty=1 new_stock=105 student=p20240045
2026-06-30 14:07:43 buyer=buyer49 qty=1 new_stock=104 student=p20240045
2026-06-30 14:07:43 buyer=buyer44 qty=1 new_stock=103 student=p20240045
2026-06-30 14:07:43 buyer=buyer50 qty=1 new_stock=102 student=p20240045
2026-06-30 14:07:43 buyer=buyer35 qty=1 new_stock=101 student=p20240045
2026-06-30 14:07:43 buyer=buyer48 qty=1 new_stock=100 student=p20240045
2026-06-30 14:39:11 buyer=testuser qty=9 REJECTED exceeds_cap_8 student=p20240045
2026-06-30 14:39:11 buyer=testuser qty=8 new_stock=92 student=p20240045
2026-06-30 14:39:24 buyer=buyer1 qty=1 new_stock=149 student=p20240045
2026-06-30 14:39:24 buyer=buyer3 qty=1 new_stock=148 student=p20240045
2026-06-30 14:39:24 buyer=buyer4 qty=1 new_stock=147 student=p20240045
2026-06-30 14:39:24 buyer=buyer34 qty=1 new_stock=146 student=p20240045
2026-06-30 14:39:24 buyer=buyer42 qty=1 new_stock=145 student=p20240045
2026-06-30 14:39:24 buyer=buyer39 qty=1 new_stock=144 student=p20240045
2026-06-30 14:39:24 buyer=buyer25 qty=1 new_stock=143 student=p20240045
2026-06-30 14:39:24 buyer=buyer36 qty=1 new_stock=142 student=p20240045
2026-06-30 14:39:24 buyer=buyer9 qty=1 new_stock=141 student=p20240045
2026-06-30 14:39:24 buyer=buyer7 qty=1 new_stock=140 student=p20240045
2026-06-30 14:39:24 buyer=buyer11 qty=1 new_stock=139 student=p20240045
2026-06-30 14:39:24 buyer=buyer2 qty=1 new_stock=138 student=p20240045
2026-06-30 14:39:24 buyer=buyer43 qty=1 new_stock=137 student=p20240045
2026-06-30 14:39:24 buyer=buyer12 qty=1 new_stock=136 student=p20240045
2026-06-30 14:39:24 buyer=buyer5 qty=1 new_stock=135 student=p20240045
2026-06-30 14:39:24 buyer=buyer10 qty=1 new_stock=134 student=p20240045
2026-06-30 14:39:24 buyer=buyer6 qty=1 new_stock=133 student=p20240045
2026-06-30 14:39:24 buyer=buyer8 qty=1 new_stock=132 student=p20240045
2026-06-30 14:39:24 buyer=buyer13 qty=1 new_stock=131 student=p20240045
2026-06-30 14:39:24 buyer=buyer14 qty=1 new_stock=130 student=p20240045
2026-06-30 14:39:24 buyer=buyer18 qty=1 new_stock=129 student=p20240045
2026-06-30 14:39:24 buyer=buyer22 qty=1 new_stock=128 student=p20240045
2026-06-30 14:39:24 buyer=buyer17 qty=1 new_stock=127 student=p20240045
2026-06-30 14:39:24 buyer=buyer20 qty=1 new_stock=126 student=p20240045
2026-06-30 14:39:24 buyer=buyer21 qty=1 new_stock=125 student=p20240045
2026-06-30 14:39:24 buyer=buyer15 qty=1 new_stock=124 student=p20240045
2026-06-30 14:39:24 buyer=buyer24 qty=1 new_stock=123 student=p20240045
2026-06-30 14:39:24 buyer=buyer16 qty=1 new_stock=122 student=p20240045
2026-06-30 14:39:24 buyer=buyer19 qty=1 new_stock=121 student=p20240045
2026-06-30 14:39:24 buyer=buyer29 qty=1 new_stock=120 student=p20240045
2026-06-30 14:39:24 buyer=buyer27 qty=1 new_stock=119 student=p20240045
2026-06-30 14:39:24 buyer=buyer30 qty=1 new_stock=118 student=p20240045
2026-06-30 14:39:24 buyer=buyer28 qty=1 new_stock=117 student=p20240045
2026-06-30 14:39:24 buyer=buyer23 qty=1 new_stock=116 student=p20240045
2026-06-30 14:39:24 buyer=buyer45 qty=1 new_stock=115 student=p20240045
2026-06-30 14:39:24 buyer=buyer41 qty=1 new_stock=114 student=p20240045
2026-06-30 14:39:24 buyer=buyer50 qty=1 new_stock=113 student=p20240045
2026-06-30 14:39:24 buyer=buyer48 qty=1 new_stock=112 student=p20240045
2026-06-30 14:39:24 buyer=buyer33 qty=1 new_stock=111 student=p20240045
2026-06-30 14:39:24 buyer=buyer26 qty=1 new_stock=110 student=p20240045
2026-06-30 14:39:24 buyer=buyer31 qty=1 new_stock=109 student=p20240045
2026-06-30 14:39:24 buyer=buyer35 qty=1 new_stock=108 student=p20240045
2026-06-30 14:39:24 buyer=buyer44 qty=1 new_stock=107 student=p20240045
2026-06-30 14:39:24 buyer=buyer37 qty=1 new_stock=106 student=p20240045
2026-06-30 14:39:24 buyer=buyer32 qty=1 new_stock=105 student=p20240045
2026-06-30 14:39:24 buyer=buyer38 qty=1 new_stock=104 student=p20240045
2026-06-30 14:39:24 buyer=buyer40 qty=1 new_stock=103 student=p20240045
2026-06-30 14:39:24 buyer=buyer47 qty=1 new_stock=102 student=p20240045
2026-06-30 14:39:24 buyer=buyer49 qty=1 new_stock=101 student=p20240045
2026-06-30 14:39:24 buyer=buyer46 qty=1 new_stock=100 student=p20240045
2026-06-30 14:39:24 buyer=buyer3 qty=1 new_stock=149 student=p20240045
2026-06-30 14:39:24 buyer=buyer12 qty=1 new_stock=148 student=p20240045
2026-06-30 14:39:24 buyer=buyer13 qty=1 new_stock=147 student=p20240045
2026-06-30 14:39:24 buyer=buyer43 qty=1 new_stock=146 student=p20240045
2026-06-30 14:39:24 buyer=buyer46 qty=1 new_stock=145 student=p20240045
2026-06-30 14:39:24 buyer=buyer5 qty=1 new_stock=144 student=p20240045
2026-06-30 14:39:24 buyer=buyer2 qty=1 new_stock=143 student=p20240045
2026-06-30 14:39:24 buyer=buyer7 qty=1 new_stock=142 student=p20240045
2026-06-30 14:39:24 buyer=buyer14 qty=1 new_stock=141 student=p20240045
2026-06-30 14:39:24 buyer=buyer9 qty=1 new_stock=140 student=p20240045
2026-06-30 14:39:24 buyer=buyer47 qty=1 new_stock=139 student=p20240045
2026-06-30 14:39:24 buyer=buyer1 qty=1 new_stock=138 student=p20240045
2026-06-30 14:39:24 buyer=buyer6 qty=1 new_stock=137 student=p20240045
2026-06-30 14:39:24 buyer=buyer4 qty=1 new_stock=136 student=p20240045
2026-06-30 14:39:24 buyer=buyer11 qty=1 new_stock=135 student=p20240045
2026-06-30 14:39:24 buyer=buyer8 qty=1 new_stock=134 student=p20240045
2026-06-30 14:39:24 buyer=buyer17 qty=1 new_stock=133 student=p20240045
2026-06-30 14:39:24 buyer=buyer21 qty=1 new_stock=132 student=p20240045
2026-06-30 14:39:24 buyer=buyer22 qty=1 new_stock=131 student=p20240045
2026-06-30 14:39:24 buyer=buyer23 qty=1 new_stock=130 student=p20240045
2026-06-30 14:39:24 buyer=buyer18 qty=1 new_stock=129 student=p20240045
2026-06-30 14:39:24 buyer=buyer16 qty=1 new_stock=128 student=p20240045
2026-06-30 14:39:24 buyer=buyer24 qty=1 new_stock=127 student=p20240045
2026-06-30 14:39:24 buyer=buyer10 qty=1 new_stock=126 student=p20240045
2026-06-30 14:39:24 buyer=buyer19 qty=1 new_stock=125 student=p20240045
2026-06-30 14:39:24 buyer=buyer29 qty=1 new_stock=124 student=p20240045
2026-06-30 14:39:24 buyer=buyer31 qty=1 new_stock=123 student=p20240045
2026-06-30 14:39:24 buyer=buyer15 qty=1 new_stock=122 student=p20240045
2026-06-30 14:39:24 buyer=buyer25 qty=1 new_stock=121 student=p20240045
2026-06-30 14:39:24 buyer=buyer26 qty=1 new_stock=120 student=p20240045
2026-06-30 14:39:24 buyer=buyer20 qty=1 new_stock=119 student=p20240045
2026-06-30 14:39:24 buyer=buyer32 qty=1 new_stock=118 student=p20240045
2026-06-30 14:39:24 buyer=buyer30 qty=1 new_stock=117 student=p20240045
2026-06-30 14:39:24 buyer=buyer28 qty=1 new_stock=116 student=p20240045
2026-06-30 14:39:24 buyer=buyer27 qty=1 new_stock=115 student=p20240045
2026-06-30 14:39:24 buyer=buyer35 qty=1 new_stock=114 student=p20240045
2026-06-30 14:39:24 buyer=buyer37 qty=1 new_stock=113 student=p20240045
2026-06-30 14:39:24 buyer=buyer33 qty=1 new_stock=112 student=p20240045
2026-06-30 14:39:24 buyer=buyer36 qty=1 new_stock=111 student=p20240045
2026-06-30 14:39:24 buyer=buyer34 qty=1 new_stock=110 student=p20240045
2026-06-30 14:39:24 buyer=buyer41 qty=1 new_stock=109 student=p20240045
2026-06-30 14:39:24 buyer=buyer39 qty=1 new_stock=108 student=p20240045
2026-06-30 14:39:24 buyer=buyer38 qty=1 new_stock=107 student=p20240045
2026-06-30 14:39:24 buyer=buyer49 qty=1 new_stock=106 student=p20240045
2026-06-30 14:39:24 buyer=buyer45 qty=1 new_stock=105 student=p20240045
2026-06-30 14:39:24 buyer=buyer40 qty=1 new_stock=104 student=p20240045
2026-06-30 14:39:24 buyer=buyer50 qty=1 new_stock=103 student=p20240045
2026-06-30 14:39:24 buyer=buyer42 qty=1 new_stock=102 student=p20240045
2026-06-30 14:39:24 buyer=buyer48 qty=1 new_stock=101 student=p20240045
2026-06-30 14:39:24 buyer=buyer44 qty=1 new_stock=100 student=p20240045
2026-06-30 14:40:25 buyer=buyer1 qty=10 REJECTED exceeds_cap_8 student=p20240045
2026-06-30 14:40:25 buyer=buyer2 qty=10 REJECTED exceeds_cap_8 student=p20240045
2026-06-30 14:40:25 buyer=buyer7 qty=1 new_stock=149 student=p20240045
2026-06-30 14:40:25 buyer=buyer5 qty=1 new_stock=148 student=p20240045
2026-06-30 14:40:25 buyer=buyer6 qty=1 new_stock=147 student=p20240045
2026-06-30 14:40:25 buyer=buyer50 qty=1 new_stock=146 student=p20240045
2026-06-30 14:40:25 buyer=buyer41 qty=1 new_stock=145 student=p20240045
2026-06-30 14:40:25 buyer=buyer8 qty=1 new_stock=144 student=p20240045
2026-06-30 14:40:25 buyer=buyer3 qty=1 new_stock=143 student=p20240045
2026-06-30 14:40:25 buyer=buyer11 qty=1 new_stock=142 student=p20240045
2026-06-30 14:40:25 buyer=buyer39 qty=1 new_stock=141 student=p20240045
2026-06-30 14:40:25 buyer=buyer46 qty=1 new_stock=140 student=p20240045
2026-06-30 14:40:25 buyer=buyer42 qty=1 new_stock=139 student=p20240045
2026-06-30 14:40:25 buyer=buyer10 qty=1 new_stock=138 student=p20240045
2026-06-30 14:40:25 buyer=buyer4 qty=1 new_stock=137 student=p20240045
2026-06-30 14:40:25 buyer=buyer12 qty=1 new_stock=136 student=p20240045
2026-06-30 14:40:25 buyer=buyer9 qty=1 new_stock=135 student=p20240045
2026-06-30 14:40:25 buyer=buyer21 qty=1 new_stock=134 student=p20240045
2026-06-30 14:40:25 buyer=buyer15 qty=1 new_stock=133 student=p20240045
2026-06-30 14:40:25 buyer=buyer26 qty=1 new_stock=132 student=p20240045
2026-06-30 14:40:25 buyer=buyer22 qty=1 new_stock=131 student=p20240045
2026-06-30 14:40:25 buyer=buyer20 qty=1 new_stock=130 student=p20240045
2026-06-30 14:40:25 buyer=buyer13 qty=1 new_stock=129 student=p20240045
2026-06-30 14:40:25 buyer=buyer24 qty=1 new_stock=128 student=p20240045
2026-06-30 14:40:25 buyer=buyer28 qty=1 new_stock=127 student=p20240045
2026-06-30 14:40:25 buyer=buyer17 qty=1 new_stock=126 student=p20240045
2026-06-30 14:40:25 buyer=buyer27 qty=1 new_stock=125 student=p20240045
2026-06-30 14:40:25 buyer=buyer16 qty=1 new_stock=124 student=p20240045
2026-06-30 14:40:25 buyer=buyer23 qty=1 new_stock=123 student=p20240045
2026-06-30 14:40:25 buyer=buyer19 qty=1 new_stock=122 student=p20240045
2026-06-30 14:40:25 buyer=buyer25 qty=1 new_stock=121 student=p20240045
2026-06-30 14:40:25 buyer=buyer32 qty=1 new_stock=120 student=p20240045
2026-06-30 14:40:26 buyer=buyer33 qty=1 new_stock=119 student=p20240045
2026-06-30 14:40:26 buyer=buyer14 qty=1 new_stock=118 student=p20240045
2026-06-30 14:40:26 buyer=buyer18 qty=1 new_stock=117 student=p20240045
2026-06-30 14:40:26 buyer=buyer30 qty=1 new_stock=116 student=p20240045
2026-06-30 14:40:26 buyer=buyer29 qty=1 new_stock=115 student=p20240045
2026-06-30 14:40:26 buyer=buyer34 qty=1 new_stock=114 student=p20240045
2026-06-30 14:40:26 buyer=buyer40 qty=1 new_stock=113 student=p20240045
2026-06-30 14:40:26 buyer=buyer31 qty=1 new_stock=112 student=p20240045
2026-06-30 14:40:26 buyer=buyer47 qty=1 new_stock=111 student=p20240045
2026-06-30 14:40:26 buyer=buyer43 qty=1 new_stock=110 student=p20240045
2026-06-30 14:40:26 buyer=buyer37 qty=1 new_stock=109 student=p20240045
2026-06-30 14:40:26 buyer=buyer45 qty=1 new_stock=108 student=p20240045
2026-06-30 14:40:26 buyer=buyer36 qty=1 new_stock=107 student=p20240045
2026-06-30 14:40:26 buyer=buyer44 qty=1 new_stock=106 student=p20240045
2026-06-30 14:40:26 buyer=buyer48 qty=1 new_stock=105 student=p20240045
2026-06-30 14:40:26 buyer=buyer38 qty=1 new_stock=104 student=p20240045
2026-06-30 14:40:26 buyer=buyer35 qty=1 new_stock=103 student=p20240045
2026-06-30 14:40:26 buyer=buyer49 qty=1 new_stock=102 student=p20240045
